[13-Dec-2019 11:23:35 PRC] PHP Notice:  Undefined variable: timescope in D:\WWW\youke365_free\app\home\controller\update.php on line 38
[13-Dec-2019 11:23:35 PRC] PHP Warning:  Invalid argument supplied for foreach() in D:\WWW\youke365_free\app\home\controller\update.php on line 38
[13-Dec-2019 11:24:22 PRC] PHP Notice:  Undefined variable: newarr in D:\WWW\youke365_free\app\home\controller\update.php on line 82
[13-Dec-2019 11:24:43 PRC] PHP Notice:  Undefined variable: newarr in D:\WWW\youke365_free\app\home\controller\update.php on line 82
[13-Dec-2019 11:24:56 PRC] PHP Notice:  Undefined index: timescope in D:\WWW\youke365_free\runtime\temp\b9109e693e310fe425543aa7b904a1dbed063b86_0.file.update.html.php on line 56
[13-Dec-2019 11:24:56 PRC] PHP Notice:  Trying to get property of non-object in D:\WWW\youke365_free\runtime\temp\b9109e693e310fe425543aa7b904a1dbed063b86_0.file.update.html.php on line 56
[13-Dec-2019 11:25:22 PRC] PHP Notice:  Undefined index: timescope in D:\WWW\youke365_free\runtime\temp\b9109e693e310fe425543aa7b904a1dbed063b86_0.file.update.html.php on line 56
[13-Dec-2019 11:25:22 PRC] PHP Notice:  Trying to get property of non-object in D:\WWW\youke365_free\runtime\temp\b9109e693e310fe425543aa7b904a1dbed063b86_0.file.update.html.php on line 56
[13-Dec-2019 11:25:54 PRC] PHP Notice:  Undefined index: web in D:\WWW\youke365_free\runtime\temp\a856d7d5fe7c0abc8528d111eefb780ce68fa94b_0.file.website.html.php on line 149
[13-Dec-2019 11:25:54 PRC] PHP Notice:  Trying to get property of non-object in D:\WWW\youke365_free\runtime\temp\a856d7d5fe7c0abc8528d111eefb780ce68fa94b_0.file.website.html.php on line 149
[13-Dec-2019 11:34:34 PRC] PHP Notice:  Undefined index: web in D:\WWW\youke365_free\runtime\temp\a856d7d5fe7c0abc8528d111eefb780ce68fa94b_0.file.website.html.php on line 149
[13-Dec-2019 11:34:34 PRC] PHP Notice:  Trying to get property of non-object in D:\WWW\youke365_free\runtime\temp\a856d7d5fe7c0abc8528d111eefb780ce68fa94b_0.file.website.html.php on line 149
[13-Dec-2019 11:34:37 PRC] PHP Notice:  Undefined index: web in D:\WWW\youke365_free\runtime\temp\a856d7d5fe7c0abc8528d111eefb780ce68fa94b_0.file.website.html.php on line 149
[13-Dec-2019 11:34:37 PRC] PHP Notice:  Trying to get property of non-object in D:\WWW\youke365_free\runtime\temp\a856d7d5fe7c0abc8528d111eefb780ce68fa94b_0.file.website.html.php on line 149
[13-Dec-2019 16:25:51 PRC] PHP Notice:  Use of undefined constant CLIENT_AUTH_CODE - assumed 'CLIENT_AUTH_CODE' in D:\WWW\youke365_free\app\admin\controller\update.php on line 22
[13-Dec-2019 16:26:49 PRC] PHP Notice:  Use of undefined constant CLIENT_AUTH_CODE - assumed 'CLIENT_AUTH_CODE' in D:\WWW\youke365_free\app\admin\controller\update.php on line 22
[13-Dec-2019 17:07:42 PRC] PHP Notice:  Undefined index: site_path in D:\WWW\youke365_free\runtime\temp\2c506d2a597476e38593eb7c47a9763247cde9f3_0.file.article.html.php on line 55
[13-Dec-2019 17:07:42 PRC] PHP Notice:  Trying to get property of non-object in D:\WWW\youke365_free\runtime\temp\2c506d2a597476e38593eb7c47a9763247cde9f3_0.file.article.html.php on line 55
[13-Dec-2019 17:07:49 PRC] PHP Notice:  Undefined index: site_path in D:\WWW\youke365_free\runtime\temp\2c506d2a597476e38593eb7c47a9763247cde9f3_0.file.article.html.php on line 52
[13-Dec-2019 17:07:49 PRC] PHP Notice:  Trying to get property of non-object in D:\WWW\youke365_free\runtime\temp\2c506d2a597476e38593eb7c47a9763247cde9f3_0.file.article.html.php on line 52
[13-Dec-2019 17:11:09 PRC] PHP Notice:  Undefined index: site_path in D:\WWW\youke365_free\runtime\temp\2c506d2a597476e38593eb7c47a9763247cde9f3_0.file.article.html.php on line 52
[13-Dec-2019 17:11:09 PRC] PHP Notice:  Trying to get property of non-object in D:\WWW\youke365_free\runtime\temp\2c506d2a597476e38593eb7c47a9763247cde9f3_0.file.article.html.php on line 52
[13-Dec-2019 17:12:46 PRC] PHP Fatal error:  Call to undefined function get_sitepath() in D:\WWW\youke365_free\app\home\controller\artinfo.php on line 40
[13-Dec-2019 17:12:49 PRC] PHP Fatal error:  Call to undefined function get_sitepath() in D:\WWW\youke365_free\app\home\controller\artinfo.php on line 40
[13-Dec-2019 17:14:50 PRC] PHP Fatal error:  Call to undefined function get_category_path() in D:\WWW\youke365_free\app\common.php on line 1336
[13-Dec-2019 17:56:47 PRC] PHP Fatal error:  Uncaught  --> Smarty Compiler: Syntax error in template "file:D:\WWW\youke365_free\themes\pc\default\home\index.html"  on line 539 "</html>" unclosed <{foreach}> tag <-- 
  thrown in D:\WWW\youke365_free\vendor\smarty\smarty\libs\sysplugins\smarty_internal_templatecompilerbase.php on line 539
[13-Dec-2019 17:57:09 PRC] PHP Fatal error:  Uncaught exception 'Exception' with message 'MySQL Error: You have an error in your SQL syntax; check the manual that corresponds to your MySQL server version for the right syntax to use near '7 LIMIT 0, 10' at line 1' in D:\WWW\youke365_free\youkephp\library\Db.php:355
Stack trace:
#0 D:\WWW\youke365_free\youkephp\library\Db.php(333): Db->outputError('You have an err...')
#1 D:\WWW\youke365_free\youkephp\library\Db.php(76): Db->getPDOError()
#2 D:\WWW\youke365_free\app\common\article.php(80): Db->query('SELECT a.user_i...')
#3 D:\WWW\youke365_free\runtime\temp\8034fe849006c237a154ccc089c95f7dcc4da4a6_0.file.index.html.php(269): get_article_list('', 'art_views', 7)
#4 D:\WWW\youke365_free\vendor\smarty\smarty\libs\sysplugins\smarty_template_resource_base.php(128): content_5df36075651798_55760203(Object(Smarty_Internal_Template))
#5 D:\WWW\youke365_free\vendor\smarty\smarty\libs\sysplugins\smarty_template_compiled.php(172): Smarty_Template_Resource_Base->getRenderedTemplateCode(Object(Smarty_Internal_Template) in D:\WWW\youke365_free\youkephp\library\Db.php on line 355
[13-Dec-2019 17:57:10 PRC] PHP Fatal error:  Uncaught exception 'Exception' with message 'MySQL Error: You have an error in your SQL syntax; check the manual that corresponds to your MySQL server version for the right syntax to use near '7 LIMIT 0, 10' at line 1' in D:\WWW\youke365_free\youkephp\library\Db.php:355
Stack trace:
#0 D:\WWW\youke365_free\youkephp\library\Db.php(333): Db->outputError('You have an err...')
#1 D:\WWW\youke365_free\youkephp\library\Db.php(76): Db->getPDOError()
#2 D:\WWW\youke365_free\app\common\article.php(80): Db->query('SELECT a.user_i...')
#3 D:\WWW\youke365_free\runtime\temp\8034fe849006c237a154ccc089c95f7dcc4da4a6_0.file.index.html.php(269): get_article_list('', 'art_views', 7)
#4 D:\WWW\youke365_free\vendor\smarty\smarty\libs\sysplugins\smarty_template_resource_base.php(128): content_5df36075651798_55760203(Object(Smarty_Internal_Template))
#5 D:\WWW\youke365_free\vendor\smarty\smarty\libs\sysplugins\smarty_template_compiled.php(172): Smarty_Template_Resource_Base->getRenderedTemplateCode(Object(Smarty_Internal_Template) in D:\WWW\youke365_free\youkephp\library\Db.php on line 355
[13-Dec-2019 17:57:10 PRC] PHP Fatal error:  Uncaught exception 'Exception' with message 'MySQL Error: You have an error in your SQL syntax; check the manual that corresponds to your MySQL server version for the right syntax to use near '7 LIMIT 0, 10' at line 1' in D:\WWW\youke365_free\youkephp\library\Db.php:355
Stack trace:
#0 D:\WWW\youke365_free\youkephp\library\Db.php(333): Db->outputError('You have an err...')
#1 D:\WWW\youke365_free\youkephp\library\Db.php(76): Db->getPDOError()
#2 D:\WWW\youke365_free\app\common\article.php(80): Db->query('SELECT a.user_i...')
#3 D:\WWW\youke365_free\runtime\temp\8034fe849006c237a154ccc089c95f7dcc4da4a6_0.file.index.html.php(269): get_article_list('', 'art_views', 7)
#4 D:\WWW\youke365_free\vendor\smarty\smarty\libs\sysplugins\smarty_template_resource_base.php(128): content_5df36075651798_55760203(Object(Smarty_Internal_Template))
#5 D:\WWW\youke365_free\vendor\smarty\smarty\libs\sysplugins\smarty_template_compiled.php(172): Smarty_Template_Resource_Base->getRenderedTemplateCode(Object(Smarty_Internal_Template) in D:\WWW\youke365_free\youkephp\library\Db.php on line 355
[13-Dec-2019 17:57:10 PRC] PHP Fatal error:  Uncaught exception 'Exception' with message 'MySQL Error: You have an error in your SQL syntax; check the manual that corresponds to your MySQL server version for the right syntax to use near '7 LIMIT 0, 10' at line 1' in D:\WWW\youke365_free\youkephp\library\Db.php:355
Stack trace:
#0 D:\WWW\youke365_free\youkephp\library\Db.php(333): Db->outputError('You have an err...')
#1 D:\WWW\youke365_free\youkephp\library\Db.php(76): Db->getPDOError()
#2 D:\WWW\youke365_free\app\common\article.php(80): Db->query('SELECT a.user_i...')
#3 D:\WWW\youke365_free\runtime\temp\8034fe849006c237a154ccc089c95f7dcc4da4a6_0.file.index.html.php(269): get_article_list('', 'art_views', 7)
#4 D:\WWW\youke365_free\vendor\smarty\smarty\libs\sysplugins\smarty_template_resource_base.php(128): content_5df36075651798_55760203(Object(Smarty_Internal_Template))
#5 D:\WWW\youke365_free\vendor\smarty\smarty\libs\sysplugins\smarty_template_compiled.php(172): Smarty_Template_Resource_Base->getRenderedTemplateCode(Object(Smarty_Internal_Template) in D:\WWW\youke365_free\youkephp\library\Db.php on line 355
[13-Dec-2019 17:57:11 PRC] PHP Fatal error:  Uncaught exception 'Exception' with message 'MySQL Error: You have an error in your SQL syntax; check the manual that corresponds to your MySQL server version for the right syntax to use near '7 LIMIT 0, 10' at line 1' in D:\WWW\youke365_free\youkephp\library\Db.php:355
Stack trace:
#0 D:\WWW\youke365_free\youkephp\library\Db.php(333): Db->outputError('You have an err...')
#1 D:\WWW\youke365_free\youkephp\library\Db.php(76): Db->getPDOError()
#2 D:\WWW\youke365_free\app\common\article.php(80): Db->query('SELECT a.user_i...')
#3 D:\WWW\youke365_free\runtime\temp\8034fe849006c237a154ccc089c95f7dcc4da4a6_0.file.index.html.php(269): get_article_list('', 'art_views', 7)
#4 D:\WWW\youke365_free\vendor\smarty\smarty\libs\sysplugins\smarty_template_resource_base.php(128): content_5df36075651798_55760203(Object(Smarty_Internal_Template))
#5 D:\WWW\youke365_free\vendor\smarty\smarty\libs\sysplugins\smarty_template_compiled.php(172): Smarty_Template_Resource_Base->getRenderedTemplateCode(Object(Smarty_Internal_Template) in D:\WWW\youke365_free\youkephp\library\Db.php on line 355
[13-Dec-2019 17:57:11 PRC] PHP Fatal error:  Uncaught exception 'Exception' with message 'MySQL Error: You have an error in your SQL syntax; check the manual that corresponds to your MySQL server version for the right syntax to use near '7 LIMIT 0, 10' at line 1' in D:\WWW\youke365_free\youkephp\library\Db.php:355
Stack trace:
#0 D:\WWW\youke365_free\youkephp\library\Db.php(333): Db->outputError('You have an err...')
#1 D:\WWW\youke365_free\youkephp\library\Db.php(76): Db->getPDOError()
#2 D:\WWW\youke365_free\app\common\article.php(80): Db->query('SELECT a.user_i...')
#3 D:\WWW\youke365_free\runtime\temp\8034fe849006c237a154ccc089c95f7dcc4da4a6_0.file.index.html.php(269): get_article_list('', 'art_views', 7)
#4 D:\WWW\youke365_free\vendor\smarty\smarty\libs\sysplugins\smarty_template_resource_base.php(128): content_5df36075651798_55760203(Object(Smarty_Internal_Template))
#5 D:\WWW\youke365_free\vendor\smarty\smarty\libs\sysplugins\smarty_template_compiled.php(172): Smarty_Template_Resource_Base->getRenderedTemplateCode(Object(Smarty_Internal_Template) in D:\WWW\youke365_free\youkephp\library\Db.php on line 355
[13-Dec-2019 17:57:28 PRC] PHP Fatal error:  Uncaught exception 'Exception' with message 'MySQL Error: You have an error in your SQL syntax; check the manual that corresponds to your MySQL server version for the right syntax to use near '7 LIMIT 0, 10' at line 1' in D:\WWW\youke365_free\youkephp\library\Db.php:355
Stack trace:
#0 D:\WWW\youke365_free\youkephp\library\Db.php(333): Db->outputError('You have an err...')
#1 D:\WWW\youke365_free\youkephp\library\Db.php(76): Db->getPDOError()
#2 D:\WWW\youke365_free\app\common\article.php(80): Db->query('SELECT a.user_i...')
#3 D:\WWW\youke365_free\runtime\temp\8034fe849006c237a154ccc089c95f7dcc4da4a6_0.file.index.html.php(269): get_article_list('', 'views', 7)
#4 D:\WWW\youke365_free\vendor\smarty\smarty\libs\sysplugins\smarty_template_resource_base.php(128): content_5df360881bdde7_65000410(Object(Smarty_Internal_Template))
#5 D:\WWW\youke365_free\vendor\smarty\smarty\libs\sysplugins\smarty_template_compiled.php(172): Smarty_Template_Resource_Base->getRenderedTemplateCode(Object(Smarty_Internal_Template))
#6 in D:\WWW\youke365_free\youkephp\library\Db.php on line 355
[13-Dec-2019 18:26:48 PRC] PHP Notice:  Undefined index: key_url in D:\WWW\youke365_free\runtime\temp\d3be6d7c6269a737a21c8eb91d10ea5dbc5c0092_0.file.article.html.php on line 55
[13-Dec-2019 18:26:48 PRC] PHP Notice:  Trying to get property of non-object in D:\WWW\youke365_free\runtime\temp\d3be6d7c6269a737a21c8eb91d10ea5dbc5c0092_0.file.article.html.php on line 55
[13-Dec-2019 18:26:48 PRC] PHP Notice:  Undefined index: key_url in D:\WWW\youke365_free\runtime\temp\d3be6d7c6269a737a21c8eb91d10ea5dbc5c0092_0.file.article.html.php on line 67
[13-Dec-2019 18:26:48 PRC] PHP Notice:  Trying to get property of non-object in D:\WWW\youke365_free\runtime\temp\d3be6d7c6269a737a21c8eb91d10ea5dbc5c0092_0.file.article.html.php on line 67
[13-Dec-2019 18:26:48 PRC] PHP Notice:  Undefined index: key_url in D:\WWW\youke365_free\runtime\temp\d3be6d7c6269a737a21c8eb91d10ea5dbc5c0092_0.file.article.html.php on line 76
[13-Dec-2019 18:26:48 PRC] PHP Notice:  Trying to get property of non-object in D:\WWW\youke365_free\runtime\temp\d3be6d7c6269a737a21c8eb91d10ea5dbc5c0092_0.file.article.html.php on line 76
[13-Dec-2019 18:26:48 PRC] PHP Notice:  Undefined index: key_url in D:\WWW\youke365_free\runtime\temp\d3be6d7c6269a737a21c8eb91d10ea5dbc5c0092_0.file.article.html.php on line 87
[13-Dec-2019 18:26:48 PRC] PHP Notice:  Trying to get property of non-object in D:\WWW\youke365_free\runtime\temp\d3be6d7c6269a737a21c8eb91d10ea5dbc5c0092_0.file.article.html.php on line 87
[13-Dec-2019 18:28:11 PRC] PHP Notice:  Undefined index: key_url in D:\WWW\youke365_free\runtime\temp\d3be6d7c6269a737a21c8eb91d10ea5dbc5c0092_0.file.article.html.php on line 55
[13-Dec-2019 18:28:11 PRC] PHP Notice:  Trying to get property of non-object in D:\WWW\youke365_free\runtime\temp\d3be6d7c6269a737a21c8eb91d10ea5dbc5c0092_0.file.article.html.php on line 55
[13-Dec-2019 18:28:11 PRC] PHP Notice:  Undefined index: key_url in D:\WWW\youke365_free\runtime\temp\d3be6d7c6269a737a21c8eb91d10ea5dbc5c0092_0.file.article.html.php on line 67
[13-Dec-2019 18:28:11 PRC] PHP Notice:  Trying to get property of non-object in D:\WWW\youke365_free\runtime\temp\d3be6d7c6269a737a21c8eb91d10ea5dbc5c0092_0.file.article.html.php on line 67
[13-Dec-2019 18:28:11 PRC] PHP Notice:  Undefined index: key_url in D:\WWW\youke365_free\runtime\temp\d3be6d7c6269a737a21c8eb91d10ea5dbc5c0092_0.file.article.html.php on line 76
[13-Dec-2019 18:28:11 PRC] PHP Notice:  Trying to get property of non-object in D:\WWW\youke365_free\runtime\temp\d3be6d7c6269a737a21c8eb91d10ea5dbc5c0092_0.file.article.html.php on line 76
[13-Dec-2019 18:28:11 PRC] PHP Notice:  Undefined index: key_url in D:\WWW\youke365_free\runtime\temp\d3be6d7c6269a737a21c8eb91d10ea5dbc5c0092_0.file.article.html.php on line 87
[13-Dec-2019 18:28:11 PRC] PHP Notice:  Trying to get property of non-object in D:\WWW\youke365_free\runtime\temp\d3be6d7c6269a737a21c8eb91d10ea5dbc5c0092_0.file.article.html.php on line 87
[13-Dec-2019 18:29:36 PRC] PHP Fatal error:  Uncaught exception 'Exception' with message 'MySQL Error: Data too long for column 'art_content' at row 1' in D:\WWW\youke365_free\youkephp\library\Db.php:355
Stack trace:
#0 D:\WWW\youke365_free\youkephp\library\Db.php(333): Db->outputError('Data too long f...')
#1 D:\WWW\youke365_free\youkephp\library\Db.php(132): Db->getPDOError()
#2 D:\WWW\youke365_free\app\admin\controller\article.php(255): Db->insert('yk365_articles', Array)
#3 D:\WWW\youke365_free\youkephp\start.php(155): require('D:\\WWW\\youke365...')
#4 D:\WWW\youke365_free\index.php(29): require('D:\\WWW\\youke365...')
#5 {main}
  thrown in D:\WWW\youke365_free\youkephp\library\Db.php on line 355
[13-Dec-2019 18:30:09 PRC] PHP Notice:  Undefined index: key_url in D:\WWW\youke365_free\runtime\temp\d3be6d7c6269a737a21c8eb91d10ea5dbc5c0092_0.file.article.html.php on line 55
[13-Dec-2019 18:30:09 PRC] PHP Notice:  Trying to get property of non-object in D:\WWW\youke365_free\runtime\temp\d3be6d7c6269a737a21c8eb91d10ea5dbc5c0092_0.file.article.html.php on line 55
[13-Dec-2019 18:30:09 PRC] PHP Notice:  Undefined index: key_url in D:\WWW\youke365_free\runtime\temp\d3be6d7c6269a737a21c8eb91d10ea5dbc5c0092_0.file.article.html.php on line 67
[13-Dec-2019 18:30:09 PRC] PHP Notice:  Trying to get property of non-object in D:\WWW\youke365_free\runtime\temp\d3be6d7c6269a737a21c8eb91d10ea5dbc5c0092_0.file.article.html.php on line 67
[13-Dec-2019 18:30:09 PRC] PHP Notice:  Undefined index: key_url in D:\WWW\youke365_free\runtime\temp\d3be6d7c6269a737a21c8eb91d10ea5dbc5c0092_0.file.article.html.php on line 76
[13-Dec-2019 18:30:09 PRC] PHP Notice:  Trying to get property of non-object in D:\WWW\youke365_free\runtime\temp\d3be6d7c6269a737a21c8eb91d10ea5dbc5c0092_0.file.article.html.php on line 76
[13-Dec-2019 18:30:09 PRC] PHP Notice:  Undefined index: key_url in D:\WWW\youke365_free\runtime\temp\d3be6d7c6269a737a21c8eb91d10ea5dbc5c0092_0.file.article.html.php on line 87
[13-Dec-2019 18:30:09 PRC] PHP Notice:  Trying to get property of non-object in D:\WWW\youke365_free\runtime\temp\d3be6d7c6269a737a21c8eb91d10ea5dbc5c0092_0.file.article.html.php on line 87
[13-Dec-2019 18:34:59 PRC] PHP Notice:  Undefined index: web_furl in D:\WWW\youke365_free\runtime\temp\a25c7811f2f3e6060b6f8d8d5a600678ce557d0b_0.file.archives.html.php on line 115
[13-Dec-2019 18:34:59 PRC] PHP Notice:  Undefined index: web_furl in D:\WWW\youke365_free\runtime\temp\a25c7811f2f3e6060b6f8d8d5a600678ce557d0b_0.file.archives.html.php on line 115
[13-Dec-2019 18:34:59 PRC] PHP Notice:  Undefined index: web_furl in D:\WWW\youke365_free\runtime\temp\a25c7811f2f3e6060b6f8d8d5a600678ce557d0b_0.file.archives.html.php on line 115
[13-Dec-2019 18:34:59 PRC] PHP Notice:  Undefined index: web_furl in D:\WWW\youke365_free\runtime\temp\a25c7811f2f3e6060b6f8d8d5a600678ce557d0b_0.file.archives.html.php on line 115
[13-Dec-2019 18:34:59 PRC] PHP Notice:  Undefined index: web_furl in D:\WWW\youke365_free\runtime\temp\a25c7811f2f3e6060b6f8d8d5a600678ce557d0b_0.file.archives.html.php on line 115
[13-Dec-2019 18:34:59 PRC] PHP Notice:  Undefined index: web_furl in D:\WWW\youke365_free\runtime\temp\a25c7811f2f3e6060b6f8d8d5a600678ce557d0b_0.file.archives.html.php on line 115
[13-Dec-2019 18:34:59 PRC] PHP Notice:  Undefined index: web_furl in D:\WWW\youke365_free\runtime\temp\a25c7811f2f3e6060b6f8d8d5a600678ce557d0b_0.file.archives.html.php on line 115
[13-Dec-2019 18:34:59 PRC] PHP Notice:  Undefined index: web_furl in D:\WWW\youke365_free\runtime\temp\a25c7811f2f3e6060b6f8d8d5a600678ce557d0b_0.file.archives.html.php on line 115
[13-Dec-2019 18:34:59 PRC] PHP Notice:  Undefined index: web_furl in D:\WWW\youke365_free\runtime\temp\a25c7811f2f3e6060b6f8d8d5a600678ce557d0b_0.file.archives.html.php on line 115
[13-Dec-2019 18:34:59 PRC] PHP Notice:  Undefined index: web_furl in D:\WWW\youke365_free\runtime\temp\a25c7811f2f3e6060b6f8d8d5a600678ce557d0b_0.file.archives.html.php on line 115
[13-Dec-2019 18:34:59 PRC] PHP Notice:  Undefined index: web_furl in D:\WWW\youke365_free\runtime\temp\a25c7811f2f3e6060b6f8d8d5a600678ce557d0b_0.file.archives.html.php on line 152
[13-Dec-2019 18:34:59 PRC] PHP Notice:  Undefined index: web_furl in D:\WWW\youke365_free\runtime\temp\a25c7811f2f3e6060b6f8d8d5a600678ce557d0b_0.file.archives.html.php on line 152
[13-Dec-2019 18:34:59 PRC] PHP Notice:  Undefined index: web_furl in D:\WWW\youke365_free\runtime\temp\a25c7811f2f3e6060b6f8d8d5a600678ce557d0b_0.file.archives.html.php on line 152
[13-Dec-2019 18:34:59 PRC] PHP Notice:  Undefined index: web_furl in D:\WWW\youke365_free\runtime\temp\a25c7811f2f3e6060b6f8d8d5a600678ce557d0b_0.file.archives.html.php on line 152
[13-Dec-2019 18:34:59 PRC] PHP Notice:  Undefined index: web_furl in D:\WWW\youke365_free\runtime\temp\a25c7811f2f3e6060b6f8d8d5a600678ce557d0b_0.file.archives.html.php on line 152
[13-Dec-2019 18:35:13 PRC] PHP Fatal error:  Call to undefined function iso8601() in D:\WWW\youke365_free\app\home\controller\sitemap.php on line 44
[13-Dec-2019 18:35:18 PRC] PHP Fatal error:  Call to undefined function iso8601() in D:\WWW\youke365_free\app\home\controller\sitemap.php on line 44
[13-Dec-2019 21:21:06 PRC] PHP Fatal error:  Call to undefined function iso8601() in D:\WWW\youke365_free\app\home\controller\sitemap.php on line 44
[13-Dec-2019 21:25:44 PRC] PHP Fatal error:  Call to undefined function iso8601() in D:\WWW\youke365_free\app\home\controller\sitemap.php on line 44
[13-Dec-2019 21:26:36 PRC] PHP Notice:  Undefined index: web_furl in D:\WWW\youke365_free\runtime\temp\a25c7811f2f3e6060b6f8d8d5a600678ce557d0b_0.file.archives.html.php on line 115
[13-Dec-2019 21:26:36 PRC] PHP Notice:  Undefined index: web_furl in D:\WWW\youke365_free\runtime\temp\a25c7811f2f3e6060b6f8d8d5a600678ce557d0b_0.file.archives.html.php on line 115
[13-Dec-2019 21:26:36 PRC] PHP Notice:  Undefined index: web_furl in D:\WWW\youke365_free\runtime\temp\a25c7811f2f3e6060b6f8d8d5a600678ce557d0b_0.file.archives.html.php on line 115
[13-Dec-2019 21:26:36 PRC] PHP Notice:  Undefined index: web_furl in D:\WWW\youke365_free\runtime\temp\a25c7811f2f3e6060b6f8d8d5a600678ce557d0b_0.file.archives.html.php on line 115
[13-Dec-2019 21:26:36 PRC] PHP Notice:  Undefined index: web_furl in D:\WWW\youke365_free\runtime\temp\a25c7811f2f3e6060b6f8d8d5a600678ce557d0b_0.file.archives.html.php on line 115
[13-Dec-2019 21:26:36 PRC] PHP Notice:  Undefined index: web_furl in D:\WWW\youke365_free\runtime\temp\a25c7811f2f3e6060b6f8d8d5a600678ce557d0b_0.file.archives.html.php on line 115
[13-Dec-2019 21:26:36 PRC] PHP Notice:  Undefined index: web_furl in D:\WWW\youke365_free\runtime\temp\a25c7811f2f3e6060b6f8d8d5a600678ce557d0b_0.file.archives.html.php on line 115
[13-Dec-2019 21:26:36 PRC] PHP Notice:  Undefined index: web_furl in D:\WWW\youke365_free\runtime\temp\a25c7811f2f3e6060b6f8d8d5a600678ce557d0b_0.file.archives.html.php on line 115
[13-Dec-2019 21:26:36 PRC] PHP Notice:  Undefined index: web_furl in D:\WWW\youke365_free\runtime\temp\a25c7811f2f3e6060b6f8d8d5a600678ce557d0b_0.file.archives.html.php on line 115
[13-Dec-2019 21:26:36 PRC] PHP Notice:  Undefined index: web_furl in D:\WWW\youke365_free\runtime\temp\a25c7811f2f3e6060b6f8d8d5a600678ce557d0b_0.file.archives.html.php on line 115
[13-Dec-2019 21:26:36 PRC] PHP Notice:  Undefined index: web_furl in D:\WWW\youke365_free\runtime\temp\a25c7811f2f3e6060b6f8d8d5a600678ce557d0b_0.file.archives.html.php on line 152
[13-Dec-2019 21:26:36 PRC] PHP Notice:  Undefined index: web_furl in D:\WWW\youke365_free\runtime\temp\a25c7811f2f3e6060b6f8d8d5a600678ce557d0b_0.file.archives.html.php on line 152
[13-Dec-2019 21:26:36 PRC] PHP Notice:  Undefined index: web_furl in D:\WWW\youke365_free\runtime\temp\a25c7811f2f3e6060b6f8d8d5a600678ce557d0b_0.file.archives.html.php on line 152
[13-Dec-2019 21:26:36 PRC] PHP Notice:  Undefined index: web_furl in D:\WWW\youke365_free\runtime\temp\a25c7811f2f3e6060b6f8d8d5a600678ce557d0b_0.file.archives.html.php on line 152
[13-Dec-2019 21:26:36 PRC] PHP Notice:  Undefined index: web_furl in D:\WWW\youke365_free\runtime\temp\a25c7811f2f3e6060b6f8d8d5a600678ce557d0b_0.file.archives.html.php on line 152
[13-Dec-2019 21:26:46 PRC] PHP Notice:  Undefined index: web_furl in D:\WWW\youke365_free\runtime\temp\a25c7811f2f3e6060b6f8d8d5a600678ce557d0b_0.file.archives.html.php on line 115
[13-Dec-2019 21:26:46 PRC] PHP Notice:  Undefined index: web_furl in D:\WWW\youke365_free\runtime\temp\a25c7811f2f3e6060b6f8d8d5a600678ce557d0b_0.file.archives.html.php on line 115
[13-Dec-2019 21:26:46 PRC] PHP Notice:  Undefined index: web_furl in D:\WWW\youke365_free\runtime\temp\a25c7811f2f3e6060b6f8d8d5a600678ce557d0b_0.file.archives.html.php on line 115
[13-Dec-2019 21:26:46 PRC] PHP Notice:  Undefined index: web_furl in D:\WWW\youke365_free\runtime\temp\a25c7811f2f3e6060b6f8d8d5a600678ce557d0b_0.file.archives.html.php on line 115
[13-Dec-2019 21:26:46 PRC] PHP Notice:  Undefined index: web_furl in D:\WWW\youke365_free\runtime\temp\a25c7811f2f3e6060b6f8d8d5a600678ce557d0b_0.file.archives.html.php on line 115
[13-Dec-2019 21:26:46 PRC] PHP Notice:  Undefined index: web_furl in D:\WWW\youke365_free\runtime\temp\a25c7811f2f3e6060b6f8d8d5a600678ce557d0b_0.file.archives.html.php on line 115
[13-Dec-2019 21:26:46 PRC] PHP Notice:  Undefined index: web_furl in D:\WWW\youke365_free\runtime\temp\a25c7811f2f3e6060b6f8d8d5a600678ce557d0b_0.file.archives.html.php on line 115
[13-Dec-2019 21:26:46 PRC] PHP Notice:  Undefined index: web_furl in D:\WWW\youke365_free\runtime\temp\a25c7811f2f3e6060b6f8d8d5a600678ce557d0b_0.file.archives.html.php on line 115
[13-Dec-2019 21:26:46 PRC] PHP Notice:  Undefined index: web_furl in D:\WWW\youke365_free\runtime\temp\a25c7811f2f3e6060b6f8d8d5a600678ce557d0b_0.file.archives.html.php on line 115
[13-Dec-2019 21:26:46 PRC] PHP Notice:  Undefined index: web_furl in D:\WWW\youke365_free\runtime\temp\a25c7811f2f3e6060b6f8d8d5a600678ce557d0b_0.file.archives.html.php on line 115
[13-Dec-2019 21:26:46 PRC] PHP Notice:  Undefined index: web_furl in D:\WWW\youke365_free\runtime\temp\a25c7811f2f3e6060b6f8d8d5a600678ce557d0b_0.file.archives.html.php on line 152
[13-Dec-2019 21:26:46 PRC] PHP Notice:  Undefined index: web_furl in D:\WWW\youke365_free\runtime\temp\a25c7811f2f3e6060b6f8d8d5a600678ce557d0b_0.file.archives.html.php on line 152
[13-Dec-2019 21:26:46 PRC] PHP Notice:  Undefined index: web_furl in D:\WWW\youke365_free\runtime\temp\a25c7811f2f3e6060b6f8d8d5a600678ce557d0b_0.file.archives.html.php on line 152
[13-Dec-2019 21:26:46 PRC] PHP Notice:  Undefined index: web_furl in D:\WWW\youke365_free\runtime\temp\a25c7811f2f3e6060b6f8d8d5a600678ce557d0b_0.file.archives.html.php on line 152
[13-Dec-2019 21:26:46 PRC] PHP Notice:  Undefined index: web_furl in D:\WWW\youke365_free\runtime\temp\a25c7811f2f3e6060b6f8d8d5a600678ce557d0b_0.file.archives.html.php on line 152
[13-Dec-2019 21:27:18 PRC] PHP Notice:  Undefined index: web_furl in D:\WWW\youke365_free\runtime\temp\a25c7811f2f3e6060b6f8d8d5a600678ce557d0b_0.file.archives.html.php on line 115
[13-Dec-2019 21:27:18 PRC] PHP Notice:  Undefined index: web_furl in D:\WWW\youke365_free\runtime\temp\a25c7811f2f3e6060b6f8d8d5a600678ce557d0b_0.file.archives.html.php on line 115
[13-Dec-2019 21:27:18 PRC] PHP Notice:  Undefined index: web_furl in D:\WWW\youke365_free\runtime\temp\a25c7811f2f3e6060b6f8d8d5a600678ce557d0b_0.file.archives.html.php on line 115
[13-Dec-2019 21:27:18 PRC] PHP Notice:  Undefined index: web_furl in D:\WWW\youke365_free\runtime\temp\a25c7811f2f3e6060b6f8d8d5a600678ce557d0b_0.file.archives.html.php on line 115
[13-Dec-2019 21:27:18 PRC] PHP Notice:  Undefined index: web_furl in D:\WWW\youke365_free\runtime\temp\a25c7811f2f3e6060b6f8d8d5a600678ce557d0b_0.file.archives.html.php on line 115
[13-Dec-2019 21:27:18 PRC] PHP Notice:  Undefined index: web_furl in D:\WWW\youke365_free\runtime\temp\a25c7811f2f3e6060b6f8d8d5a600678ce557d0b_0.file.archives.html.php on line 115
[13-Dec-2019 21:27:18 PRC] PHP Notice:  Undefined index: web_furl in D:\WWW\youke365_free\runtime\temp\a25c7811f2f3e6060b6f8d8d5a600678ce557d0b_0.file.archives.html.php on line 115
[13-Dec-2019 21:27:18 PRC] PHP Notice:  Undefined index: web_furl in D:\WWW\youke365_free\runtime\temp\a25c7811f2f3e6060b6f8d8d5a600678ce557d0b_0.file.archives.html.php on line 115
[13-Dec-2019 21:27:18 PRC] PHP Notice:  Undefined index: web_furl in D:\WWW\youke365_free\runtime\temp\a25c7811f2f3e6060b6f8d8d5a600678ce557d0b_0.file.archives.html.php on line 115
[13-Dec-2019 21:27:18 PRC] PHP Notice:  Undefined index: web_furl in D:\WWW\youke365_free\runtime\temp\a25c7811f2f3e6060b6f8d8d5a600678ce557d0b_0.file.archives.html.php on line 115
[13-Dec-2019 21:27:18 PRC] PHP Notice:  Undefined index: web_furl in D:\WWW\youke365_free\runtime\temp\a25c7811f2f3e6060b6f8d8d5a600678ce557d0b_0.file.archives.html.php on line 152
[13-Dec-2019 21:27:18 PRC] PHP Notice:  Undefined index: web_furl in D:\WWW\youke365_free\runtime\temp\a25c7811f2f3e6060b6f8d8d5a600678ce557d0b_0.file.archives.html.php on line 152
[13-Dec-2019 21:27:18 PRC] PHP Notice:  Undefined index: web_furl in D:\WWW\youke365_free\runtime\temp\a25c7811f2f3e6060b6f8d8d5a600678ce557d0b_0.file.archives.html.php on line 152
[13-Dec-2019 21:27:18 PRC] PHP Notice:  Undefined index: web_furl in D:\WWW\youke365_free\runtime\temp\a25c7811f2f3e6060b6f8d8d5a600678ce557d0b_0.file.archives.html.php on line 152
[13-Dec-2019 21:27:18 PRC] PHP Notice:  Undefined index: web_furl in D:\WWW\youke365_free\runtime\temp\a25c7811f2f3e6060b6f8d8d5a600678ce557d0b_0.file.archives.html.php on line 152
[13-Dec-2019 21:39:12 PRC] PHP Notice:  Undefined index: admin in D:\WWW\youke365_free\app\admin\controller\user.php on line 35
[13-Dec-2019 21:40:01 PRC] PHP Notice:  Undefined offset: 0 in D:\WWW\youke365_free\app\common\webdata.php on line 82
[13-Dec-2019 21:40:01 PRC] PHP Notice:  Undefined offset: 0 in D:\WWW\youke365_free\app\common\webdata.php on line 84
[13-Dec-2019 21:41:49 PRC] PHP Notice:  Undefined index: key_url in D:\WWW\youke365_free\runtime\temp\d3be6d7c6269a737a21c8eb91d10ea5dbc5c0092_0.file.article.html.php on line 55
[13-Dec-2019 21:41:49 PRC] PHP Notice:  Trying to get property of non-object in D:\WWW\youke365_free\runtime\temp\d3be6d7c6269a737a21c8eb91d10ea5dbc5c0092_0.file.article.html.php on line 55
[13-Dec-2019 21:41:49 PRC] PHP Notice:  Undefined index: key_url in D:\WWW\youke365_free\runtime\temp\d3be6d7c6269a737a21c8eb91d10ea5dbc5c0092_0.file.article.html.php on line 67
[13-Dec-2019 21:41:49 PRC] PHP Notice:  Trying to get property of non-object in D:\WWW\youke365_free\runtime\temp\d3be6d7c6269a737a21c8eb91d10ea5dbc5c0092_0.file.article.html.php on line 67
[13-Dec-2019 21:41:49 PRC] PHP Notice:  Undefined index: key_url in D:\WWW\youke365_free\runtime\temp\d3be6d7c6269a737a21c8eb91d10ea5dbc5c0092_0.file.article.html.php on line 76
[13-Dec-2019 21:41:49 PRC] PHP Notice:  Trying to get property of non-object in D:\WWW\youke365_free\runtime\temp\d3be6d7c6269a737a21c8eb91d10ea5dbc5c0092_0.file.article.html.php on line 76
[13-Dec-2019 21:41:49 PRC] PHP Notice:  Undefined index: key_url in D:\WWW\youke365_free\runtime\temp\d3be6d7c6269a737a21c8eb91d10ea5dbc5c0092_0.file.article.html.php on line 87
[13-Dec-2019 21:41:49 PRC] PHP Notice:  Trying to get property of non-object in D:\WWW\youke365_free\runtime\temp\d3be6d7c6269a737a21c8eb91d10ea5dbc5c0092_0.file.article.html.php on line 87
[13-Dec-2019 21:41:58 PRC] PHP Notice:  Undefined index: key_url in D:\WWW\youke365_free\runtime\temp\d3be6d7c6269a737a21c8eb91d10ea5dbc5c0092_0.file.article.html.php on line 55
[13-Dec-2019 21:41:58 PRC] PHP Notice:  Trying to get property of non-object in D:\WWW\youke365_free\runtime\temp\d3be6d7c6269a737a21c8eb91d10ea5dbc5c0092_0.file.article.html.php on line 55
[13-Dec-2019 21:41:58 PRC] PHP Notice:  Undefined index: key_url in D:\WWW\youke365_free\runtime\temp\d3be6d7c6269a737a21c8eb91d10ea5dbc5c0092_0.file.article.html.php on line 67
[13-Dec-2019 21:41:58 PRC] PHP Notice:  Trying to get property of non-object in D:\WWW\youke365_free\runtime\temp\d3be6d7c6269a737a21c8eb91d10ea5dbc5c0092_0.file.article.html.php on line 67
[13-Dec-2019 21:41:58 PRC] PHP Notice:  Undefined index: key_url in D:\WWW\youke365_free\runtime\temp\d3be6d7c6269a737a21c8eb91d10ea5dbc5c0092_0.file.article.html.php on line 76
[13-Dec-2019 21:41:58 PRC] PHP Notice:  Trying to get property of non-object in D:\WWW\youke365_free\runtime\temp\d3be6d7c6269a737a21c8eb91d10ea5dbc5c0092_0.file.article.html.php on line 76
[13-Dec-2019 21:41:58 PRC] PHP Notice:  Undefined index: key_url in D:\WWW\youke365_free\runtime\temp\d3be6d7c6269a737a21c8eb91d10ea5dbc5c0092_0.file.article.html.php on line 87
[13-Dec-2019 21:41:58 PRC] PHP Notice:  Trying to get property of non-object in D:\WWW\youke365_free\runtime\temp\d3be6d7c6269a737a21c8eb91d10ea5dbc5c0092_0.file.article.html.php on line 87
[13-Dec-2019 21:48:28 PRC] PHP Notice:  Undefined offset: 0 in D:\WWW\youke365_free\app\common\webdata.php on line 82
[13-Dec-2019 21:48:28 PRC] PHP Notice:  Undefined offset: 0 in D:\WWW\youke365_free\app\common\webdata.php on line 84
[13-Dec-2019 21:48:35 PRC] PHP Notice:  Undefined offset: 0 in D:\WWW\youke365_free\app\common\webdata.php on line 113
[13-Dec-2019 21:48:35 PRC] PHP Notice:  Undefined offset: 0 in D:\WWW\youke365_free\app\common\webdata.php on line 116
[13-Dec-2019 21:48:48 PRC] PHP Notice:  Undefined offset: 0 in D:\WWW\youke365_free\app\common\webdata.php on line 82
[13-Dec-2019 21:48:48 PRC] PHP Notice:  Undefined offset: 0 in D:\WWW\youke365_free\app\common\webdata.php on line 84
[13-Dec-2019 21:48:52 PRC] PHP Notice:  Undefined offset: 0 in D:\WWW\youke365_free\app\common\webdata.php on line 113
[13-Dec-2019 21:48:52 PRC] PHP Notice:  Undefined offset: 0 in D:\WWW\youke365_free\app\common\webdata.php on line 116
[13-Dec-2019 21:48:56 PRC] PHP Notice:  Undefined offset: 0 in D:\WWW\youke365_free\app\common\webdata.php on line 82
[13-Dec-2019 21:48:56 PRC] PHP Notice:  Undefined offset: 0 in D:\WWW\youke365_free\app\common\webdata.php on line 84
[13-Dec-2019 21:48:57 PRC] PHP Notice:  Undefined offset: 0 in D:\WWW\youke365_free\app\common\webdata.php on line 113
[13-Dec-2019 21:48:57 PRC] PHP Notice:  Undefined offset: 0 in D:\WWW\youke365_free\app\common\webdata.php on line 116
[13-Dec-2019 21:49:05 PRC] PHP Notice:  Undefined offset: 0 in D:\WWW\youke365_free\app\common\webdata.php on line 82
[13-Dec-2019 21:49:05 PRC] PHP Notice:  Undefined offset: 0 in D:\WWW\youke365_free\app\common\webdata.php on line 84
[13-Dec-2019 21:49:08 PRC] PHP Notice:  Undefined offset: 0 in D:\WWW\youke365_free\app\common\webdata.php on line 113
[13-Dec-2019 21:49:08 PRC] PHP Notice:  Undefined offset: 0 in D:\WWW\youke365_free\app\common\webdata.php on line 116
[13-Dec-2019 21:49:14 PRC] PHP Notice:  Undefined offset: 0 in D:\WWW\youke365_free\app\common\webdata.php on line 82
[13-Dec-2019 21:49:14 PRC] PHP Notice:  Undefined offset: 0 in D:\WWW\youke365_free\app\common\webdata.php on line 84
[13-Dec-2019 21:52:36 PRC] PHP Notice:  Undefined offset: 0 in D:\WWW\youke365_free\app\common\webdata.php on line 82
[13-Dec-2019 21:52:36 PRC] PHP Notice:  Undefined offset: 0 in D:\WWW\youke365_free\app\common\webdata.php on line 84
[13-Dec-2019 21:52:42 PRC] PHP Notice:  Undefined offset: 0 in D:\WWW\youke365_free\app\common\webdata.php on line 113
[13-Dec-2019 21:52:42 PRC] PHP Notice:  Undefined offset: 0 in D:\WWW\youke365_free\app\common\webdata.php on line 116
[13-Dec-2019 21:53:40 PRC] PHP Notice:  Undefined index: web_id in D:\WWW\youke365_free\app\admin\controller\website.php on line 392
[13-Dec-2019 22:01:41 PRC] PHP Notice:  Undefined variable: contents in D:\WWW\youke365_free\app\common\cache.php on line 121
[13-Dec-2019 22:01:44 PRC] PHP Notice:  Undefined variable: contents in D:\WWW\youke365_free\app\common\cache.php on line 121
[13-Dec-2019 22:02:37 PRC] PHP Notice:  Undefined variable: contents in D:\WWW\youke365_free\app\common\cache.php on line 121
[13-Dec-2019 22:13:04 PRC] PHP Notice:  Undefined variable: contents in D:\WWW\youke365_free\app\common\cache.php on line 121
[13-Dec-2019 22:15:19 PRC] PHP Notice:  Undefined variable: contents in D:\WWW\youke365_free\app\common\cache.php on line 121
[13-Dec-2019 22:15:54 PRC] PHP Notice:  Undefined variable: contents in D:\WWW\youke365_free\app\common\cache.php on line 121
[13-Dec-2019 22:16:08 PRC] PHP Notice:  Undefined variable: contents in D:\WWW\youke365_free\app\common\cache.php on line 121
[13-Dec-2019 22:32:17 PRC] PHP Notice:  Undefined index: key_url in D:\WWW\youke365_free\runtime\temp\d3be6d7c6269a737a21c8eb91d10ea5dbc5c0092_0.file.article.html.php on line 55
[13-Dec-2019 22:32:17 PRC] PHP Notice:  Trying to get property of non-object in D:\WWW\youke365_free\runtime\temp\d3be6d7c6269a737a21c8eb91d10ea5dbc5c0092_0.file.article.html.php on line 55
[13-Dec-2019 22:32:17 PRC] PHP Notice:  Undefined index: key_url in D:\WWW\youke365_free\runtime\temp\d3be6d7c6269a737a21c8eb91d10ea5dbc5c0092_0.file.article.html.php on line 67
[13-Dec-2019 22:32:17 PRC] PHP Notice:  Trying to get property of non-object in D:\WWW\youke365_free\runtime\temp\d3be6d7c6269a737a21c8eb91d10ea5dbc5c0092_0.file.article.html.php on line 67
[13-Dec-2019 22:32:17 PRC] PHP Notice:  Undefined index: key_url in D:\WWW\youke365_free\runtime\temp\d3be6d7c6269a737a21c8eb91d10ea5dbc5c0092_0.file.article.html.php on line 76
[13-Dec-2019 22:32:17 PRC] PHP Notice:  Trying to get property of non-object in D:\WWW\youke365_free\runtime\temp\d3be6d7c6269a737a21c8eb91d10ea5dbc5c0092_0.file.article.html.php on line 76
[13-Dec-2019 22:32:17 PRC] PHP Notice:  Undefined index: key_url in D:\WWW\youke365_free\runtime\temp\d3be6d7c6269a737a21c8eb91d10ea5dbc5c0092_0.file.article.html.php on line 87
[13-Dec-2019 22:32:17 PRC] PHP Notice:  Trying to get property of non-object in D:\WWW\youke365_free\runtime\temp\d3be6d7c6269a737a21c8eb91d10ea5dbc5c0092_0.file.article.html.php on line 87
[13-Dec-2019 22:32:20 PRC] PHP Notice:  Undefined index: key_url in D:\WWW\youke365_free\runtime\temp\e097348f209c964f7c8c9ac05760ce1d4a9d65a8_0.file.live.html.php on line 56
[13-Dec-2019 22:32:20 PRC] PHP Notice:  Trying to get property of non-object in D:\WWW\youke365_free\runtime\temp\e097348f209c964f7c8c9ac05760ce1d4a9d65a8_0.file.live.html.php on line 56
[13-Dec-2019 22:32:20 PRC] PHP Notice:  Undefined index: key_url in D:\WWW\youke365_free\runtime\temp\e097348f209c964f7c8c9ac05760ce1d4a9d65a8_0.file.live.html.php on line 64
[13-Dec-2019 22:32:20 PRC] PHP Notice:  Trying to get property of non-object in D:\WWW\youke365_free\runtime\temp\e097348f209c964f7c8c9ac05760ce1d4a9d65a8_0.file.live.html.php on line 64
[13-Dec-2019 22:32:20 PRC] PHP Notice:  Undefined index: key_url in D:\WWW\youke365_free\runtime\temp\e097348f209c964f7c8c9ac05760ce1d4a9d65a8_0.file.live.html.php on line 74
[13-Dec-2019 22:32:20 PRC] PHP Notice:  Trying to get property of non-object in D:\WWW\youke365_free\runtime\temp\e097348f209c964f7c8c9ac05760ce1d4a9d65a8_0.file.live.html.php on line 74
[13-Dec-2019 22:33:27 PRC] PHP Notice:  Undefined index: admin in D:\WWW\youke365_free\app\admin\controller\user.php on line 35
[13-Dec-2019 22:33:36 PRC] PHP Notice:  Undefined index: admin in D:\WWW\youke365_free\app\admin\controller\user.php on line 35
[13-Dec-2019 22:36:41 PRC] PHP Fatal error:  Uncaught exception 'Exception' with message 'MySQL Error: Table 'youke365_free.yk365_lives' doesn't exist' in D:\WWW\youke365_free\youkephp\library\Db.php:355
Stack trace:
#0 D:\WWW\youke365_free\youkephp\library\Db.php(333): Db->outputError('Table 'youke365...')
#1 D:\WWW\youke365_free\youkephp\library\Db.php(76): Db->getPDOError()
#2 D:\WWW\youke365_free\youkephp\library\Db.php(224): Db->query('SELECT COUNT(*)...', 'Row')
#3 D:\WWW\youke365_free\app\common\stats.php(26): Db->getCount('yk365_lives', '*')
#4 D:\WWW\youke365_free\app\home\common.php(20): get_stats()
#5 D:\WWW\youke365_free\app\home\controller\index.php(42): Youke_display('index.html')
#6 D:\WWW\youke365_free\youkephp\start.php(155): require('D:\\WWW\\youke365...')
#7 D:\WWW\youke365_free\index.php(29): require('D:\\WWW\\youke365...')
#8 {main}
  thrown in D:\WWW\youke365_free\youkephp\library\Db.php on line 355
[13-Dec-2019 22:37:55 PRC] PHP Fatal error:  Uncaught exception 'Exception' with message 'MySQL Error: Table 'youke365_free.yk365_lives' doesn't exist' in D:\WWW\youke365_free\youkephp\library\Db.php:355
Stack trace:
#0 D:\WWW\youke365_free\youkephp\library\Db.php(333): Db->outputError('Table 'youke365...')
#1 D:\WWW\youke365_free\youkephp\library\Db.php(76): Db->getPDOError()
#2 D:\WWW\youke365_free\youkephp\library\Db.php(224): Db->query('SELECT COUNT(*)...', 'Row')
#3 D:\WWW\youke365_free\app\common\stats.php(26): Db->getCount('yk365_lives', '*')
#4 D:\WWW\youke365_free\app\admin\controller\main.php(75): get_stats()
#5 D:\WWW\youke365_free\youkephp\start.php(155): require('D:\\WWW\\youke365...')
#6 D:\WWW\youke365_free\index.php(29): require('D:\\WWW\\youke365...')
#7 {main}
  thrown in D:\WWW\youke365_free\youkephp\library\Db.php on line 355
[13-Dec-2019 22:37:55 PRC] PHP Fatal error:  Uncaught exception 'Exception' with message 'MySQL Error: Table 'youke365_free.yk365_lives' doesn't exist' in D:\WWW\youke365_free\youkephp\library\Db.php:355
Stack trace:
#0 D:\WWW\youke365_free\youkephp\library\Db.php(333): Db->outputError('Table 'youke365...')
#1 D:\WWW\youke365_free\youkephp\library\Db.php(76): Db->getPDOError()
#2 D:\WWW\youke365_free\youkephp\library\Db.php(224): Db->query('SELECT COUNT(*)...', 'Row')
#3 D:\WWW\youke365_free\app\common\stats.php(26): Db->getCount('yk365_lives', '*')
#4 D:\WWW\youke365_free\app\home\common.php(20): get_stats()
#5 D:\WWW\youke365_free\app\home\controller\index.php(42): Youke_display('index.html')
#6 D:\WWW\youke365_free\youkephp\start.php(155): require('D:\\WWW\\youke365...')
#7 D:\WWW\youke365_free\index.php(29): require('D:\\WWW\\youke365...')
#8 {main}
  thrown in D:\WWW\youke365_free\youkephp\library\Db.php on line 355
[13-Dec-2019 22:37:55 PRC] PHP Fatal error:  Uncaught exception 'Exception' with message 'MySQL Error: Table 'youke365_free.yk365_lives' doesn't exist' in D:\WWW\youke365_free\youkephp\library\Db.php:355
Stack trace:
#0 D:\WWW\youke365_free\youkephp\library\Db.php(333): Db->outputError('Table 'youke365...')
#1 D:\WWW\youke365_free\youkephp\library\Db.php(76): Db->getPDOError()
#2 D:\WWW\youke365_free\youkephp\library\Db.php(224): Db->query('SELECT COUNT(*)...', 'Row')
#3 D:\WWW\youke365_free\app\common\stats.php(26): Db->getCount('yk365_lives', '*')
#4 D:\WWW\youke365_free\app\home\common.php(20): get_stats()
#5 D:\WWW\youke365_free\app\home\controller\index.php(42): Youke_display('index.html')
#6 D:\WWW\youke365_free\youkephp\start.php(155): require('D:\\WWW\\youke365...')
#7 D:\WWW\youke365_free\index.php(29): require('D:\\WWW\\youke365...')
#8 {main}
  thrown in D:\WWW\youke365_free\youkephp\library\Db.php on line 355
[13-Dec-2019 22:38:03 PRC] PHP Fatal error:  Uncaught exception 'Exception' with message 'MySQL Error: Table 'youke365_free.yk365_lives' doesn't exist' in D:\WWW\youke365_free\youkephp\library\Db.php:355
Stack trace:
#0 D:\WWW\youke365_free\youkephp\library\Db.php(333): Db->outputError('Table 'youke365...')
#1 D:\WWW\youke365_free\youkephp\library\Db.php(76): Db->getPDOError()
#2 D:\WWW\youke365_free\youkephp\library\Db.php(224): Db->query('SELECT COUNT(*)...', 'Row')
#3 D:\WWW\youke365_free\app\common\stats.php(26): Db->getCount('yk365_lives', '*')
#4 D:\WWW\youke365_free\app\admin\controller\main.php(75): get_stats()
#5 D:\WWW\youke365_free\youkephp\start.php(155): require('D:\\WWW\\youke365...')
#6 D:\WWW\youke365_free\index.php(29): require('D:\\WWW\\youke365...')
#7 {main}
  thrown in D:\WWW\youke365_free\youkephp\library\Db.php on line 355
[13-Dec-2019 22:38:03 PRC] PHP Fatal error:  Uncaught exception 'Exception' with message 'MySQL Error: Table 'youke365_free.yk365_lives' doesn't exist' in D:\WWW\youke365_free\youkephp\library\Db.php:355
Stack trace:
#0 D:\WWW\youke365_free\youkephp\library\Db.php(333): Db->outputError('Table 'youke365...')
#1 D:\WWW\youke365_free\youkephp\library\Db.php(76): Db->getPDOError()
#2 D:\WWW\youke365_free\youkephp\library\Db.php(224): Db->query('SELECT COUNT(*)...', 'Row')
#3 D:\WWW\youke365_free\app\common\stats.php(26): Db->getCount('yk365_lives', '*')
#4 D:\WWW\youke365_free\app\home\common.php(20): get_stats()
#5 D:\WWW\youke365_free\app\home\controller\index.php(42): Youke_display('index.html')
#6 D:\WWW\youke365_free\youkephp\start.php(155): require('D:\\WWW\\youke365...')
#7 D:\WWW\youke365_free\index.php(29): require('D:\\WWW\\youke365...')
#8 {main}
  thrown in D:\WWW\youke365_free\youkephp\library\Db.php on line 355
[13-Dec-2019 22:38:03 PRC] PHP Fatal error:  Uncaught exception 'Exception' with message 'MySQL Error: Table 'youke365_free.yk365_lives' doesn't exist' in D:\WWW\youke365_free\youkephp\library\Db.php:355
Stack trace:
#0 D:\WWW\youke365_free\youkephp\library\Db.php(333): Db->outputError('Table 'youke365...')
#1 D:\WWW\youke365_free\youkephp\library\Db.php(76): Db->getPDOError()
#2 D:\WWW\youke365_free\youkephp\library\Db.php(224): Db->query('SELECT COUNT(*)...', 'Row')
#3 D:\WWW\youke365_free\app\common\stats.php(26): Db->getCount('yk365_lives', '*')
#4 D:\WWW\youke365_free\app\home\common.php(20): get_stats()
#5 D:\WWW\youke365_free\app\home\controller\index.php(42): Youke_display('index.html')
#6 D:\WWW\youke365_free\youkephp\start.php(155): require('D:\\WWW\\youke365...')
#7 D:\WWW\youke365_free\index.php(29): require('D:\\WWW\\youke365...')
#8 {main}
  thrown in D:\WWW\youke365_free\youkephp\library\Db.php on line 355
[13-Dec-2019 22:38:04 PRC] PHP Fatal error:  Uncaught exception 'Exception' with message 'MySQL Error: Table 'youke365_free.yk365_lives' doesn't exist' in D:\WWW\youke365_free\youkephp\library\Db.php:355
Stack trace:
#0 D:\WWW\youke365_free\youkephp\library\Db.php(333): Db->outputError('Table 'youke365...')
#1 D:\WWW\youke365_free\youkephp\library\Db.php(76): Db->getPDOError()
#2 D:\WWW\youke365_free\youkephp\library\Db.php(224): Db->query('SELECT COUNT(*)...', 'Row')
#3 D:\WWW\youke365_free\app\common\stats.php(26): Db->getCount('yk365_lives', '*')
#4 D:\WWW\youke365_free\app\admin\controller\main.php(75): get_stats()
#5 D:\WWW\youke365_free\youkephp\start.php(155): require('D:\\WWW\\youke365...')
#6 D:\WWW\youke365_free\index.php(29): require('D:\\WWW\\youke365...')
#7 {main}
  thrown in D:\WWW\youke365_free\youkephp\library\Db.php on line 355
[13-Dec-2019 22:38:04 PRC] PHP Fatal error:  Uncaught exception 'Exception' with message 'MySQL Error: Table 'youke365_free.yk365_lives' doesn't exist' in D:\WWW\youke365_free\youkephp\library\Db.php:355
Stack trace:
#0 D:\WWW\youke365_free\youkephp\library\Db.php(333): Db->outputError('Table 'youke365...')
#1 D:\WWW\youke365_free\youkephp\library\Db.php(76): Db->getPDOError()
#2 D:\WWW\youke365_free\youkephp\library\Db.php(224): Db->query('SELECT COUNT(*)...', 'Row')
#3 D:\WWW\youke365_free\app\common\stats.php(26): Db->getCount('yk365_lives', '*')
#4 D:\WWW\youke365_free\app\admin\controller\main.php(75): get_stats()
#5 D:\WWW\youke365_free\youkephp\start.php(155): require('D:\\WWW\\youke365...')
#6 D:\WWW\youke365_free\index.php(29): require('D:\\WWW\\youke365...')
#7 {main}
  thrown in D:\WWW\youke365_free\youkephp\library\Db.php on line 355
[13-Dec-2019 22:38:34 PRC] PHP Fatal error:  Uncaught exception 'Exception' with message 'MySQL Error: Table 'youke365_free.yk365_lives' doesn't exist' in D:\WWW\youke365_free\youkephp\library\Db.php:355
Stack trace:
#0 D:\WWW\youke365_free\youkephp\library\Db.php(333): Db->outputError('Table 'youke365...')
#1 D:\WWW\youke365_free\youkephp\library\Db.php(76): Db->getPDOError()
#2 D:\WWW\youke365_free\youkephp\library\Db.php(224): Db->query('SELECT COUNT(*)...', 'Row')
#3 D:\WWW\youke365_free\app\common\stats.php(26): Db->getCount('yk365_lives', '*')
#4 D:\WWW\youke365_free\app\admin\controller\main.php(75): get_stats()
#5 D:\WWW\youke365_free\youkephp\start.php(155): require('D:\\WWW\\youke365...')
#6 D:\WWW\youke365_free\index.php(29): require('D:\\WWW\\youke365...')
#7 {main}
  thrown in D:\WWW\youke365_free\youkephp\library\Db.php on line 355
[13-Dec-2019 22:38:35 PRC] PHP Fatal error:  Uncaught exception 'Exception' with message 'MySQL Error: Table 'youke365_free.yk365_lives' doesn't exist' in D:\WWW\youke365_free\youkephp\library\Db.php:355
Stack trace:
#0 D:\WWW\youke365_free\youkephp\library\Db.php(333): Db->outputError('Table 'youke365...')
#1 D:\WWW\youke365_free\youkephp\library\Db.php(76): Db->getPDOError()
#2 D:\WWW\youke365_free\youkephp\library\Db.php(224): Db->query('SELECT COUNT(*)...', 'Row')
#3 D:\WWW\youke365_free\app\common\stats.php(26): Db->getCount('yk365_lives', '*')
#4 D:\WWW\youke365_free\app\admin\controller\main.php(75): get_stats()
#5 D:\WWW\youke365_free\youkephp\start.php(155): require('D:\\WWW\\youke365...')
#6 D:\WWW\youke365_free\index.php(29): require('D:\\WWW\\youke365...')
#7 {main}
  thrown in D:\WWW\youke365_free\youkephp\library\Db.php on line 355
[13-Dec-2019 22:38:35 PRC] PHP Fatal error:  Uncaught exception 'Exception' with message 'MySQL Error: Table 'youke365_free.yk365_lives' doesn't exist' in D:\WWW\youke365_free\youkephp\library\Db.php:355
Stack trace:
#0 D:\WWW\youke365_free\youkephp\library\Db.php(333): Db->outputError('Table 'youke365...')
#1 D:\WWW\youke365_free\youkephp\library\Db.php(76): Db->getPDOError()
#2 D:\WWW\youke365_free\youkephp\library\Db.php(224): Db->query('SELECT COUNT(*)...', 'Row')
#3 D:\WWW\youke365_free\app\common\stats.php(26): Db->getCount('yk365_lives', '*')
#4 D:\WWW\youke365_free\app\home\common.php(20): get_stats()
#5 D:\WWW\youke365_free\app\home\controller\index.php(42): Youke_display('index.html')
#6 D:\WWW\youke365_free\youkephp\start.php(155): require('D:\\WWW\\youke365...')
#7 D:\WWW\youke365_free\index.php(29): require('D:\\WWW\\youke365...')
#8 {main}
  thrown in D:\WWW\youke365_free\youkephp\library\Db.php on line 355
[13-Dec-2019 22:38:35 PRC] PHP Fatal error:  Uncaught exception 'Exception' with message 'MySQL Error: Table 'youke365_free.yk365_lives' doesn't exist' in D:\WWW\youke365_free\youkephp\library\Db.php:355
Stack trace:
#0 D:\WWW\youke365_free\youkephp\library\Db.php(333): Db->outputError('Table 'youke365...')
#1 D:\WWW\youke365_free\youkephp\library\Db.php(76): Db->getPDOError()
#2 D:\WWW\youke365_free\youkephp\library\Db.php(224): Db->query('SELECT COUNT(*)...', 'Row')
#3 D:\WWW\youke365_free\app\common\stats.php(26): Db->getCount('yk365_lives', '*')
#4 D:\WWW\youke365_free\app\home\common.php(20): get_stats()
#5 D:\WWW\youke365_free\app\home\controller\index.php(42): Youke_display('index.html')
#6 D:\WWW\youke365_free\youkephp\start.php(155): require('D:\\WWW\\youke365...')
#7 D:\WWW\youke365_free\index.php(29): require('D:\\WWW\\youke365...')
#8 {main}
  thrown in D:\WWW\youke365_free\youkephp\library\Db.php on line 355
[13-Dec-2019 22:38:55 PRC] PHP Notice:  Undefined index: live in D:\WWW\youke365_free\runtime\temp\52162f96655200a9e68f8e4abaa249f76f9218db_0.file.main.html.php on line 87
[13-Dec-2019 22:38:55 PRC] PHP Notice:  Undefined index: live in D:\WWW\youke365_free\runtime\temp\52162f96655200a9e68f8e4abaa249f76f9218db_0.file.main.html.php on line 87
[13-Dec-2019 22:40:30 PRC] PHP Notice:  Undefined variable: files in D:\WWW\youke365_free\app\admin\controller\database.php on line 62
[13-Dec-2019 22:40:43 PRC] PHP Notice:  Undefined variable: files in D:\WWW\youke365_free\app\admin\controller\database.php on line 62
[13-Dec-2019 22:40:44 PRC] PHP Notice:  Undefined variable: files in D:\WWW\youke365_free\app\admin\controller\database.php on line 62
[13-Dec-2019 22:41:10 PRC] PHP Notice:  Undefined index: admin in D:\WWW\youke365_free\app\admin\controller\user.php on line 35
